<?xml version="1.0" encoding="UTF-8"?>
<!-- Generated by org.testng.reporters.JUnitReportReporter -->
<testsuite skipped="0" hostname="LAPTOP-V7QB4JM6" name="Test01_GET" tests="4" failures="0" timestamp="2021-04-14T23:09:43 CDT" time="6.271" errors="0">
  <testcase name="deleteSpecificemployeeInfo" time="3.265" classname="Test01_GET"/>
  <system-out/>
  <testcase name="getSpecificEmployeeDetails" time="1.571" classname="Test01_GET"/>
  <system-out/>
  <testcase name="getEmployeeDetails" time="0.744" classname="Test01_GET"/>
  <system-out/>
  <testcase name="testRESTAPI" time="0.691" classname="Test01_GET"/>
  <system-out/>
</testsuite> <!-- Test01_GET -->
